
                         MODELLER 9v8, 2010/04/21, r7145

     PROTEIN STRUCTURE MODELLING BY SATISFACTION OF SPATIAL RESTRAINTS


                     Copyright(c) 1989-2010 Andrej Sali
                            All Rights Reserved

                             Written by A. Sali
                               with help from
           B. Webb, M.S. Madhusudhan, M-Y. Shen, M.A. Marti-Renom,
                N. Eswar, F. Alber, M. Topf, B. Oliva, A. Fiser,
                    R. Sanchez, B. Yerkovich, A. Badretdinov,
                      F. Melo, J.P. Overington, E. Feyfant
                 University of California, San Francisco, USA
                    Rockefeller University, New York, USA
                      Harvard University, Cambridge, USA
                   Imperial Cancer Research Fund, London, UK
              Birkbeck College, University of London, London, UK


Kind, OS, HostName, Kernel, Processor: 4, Darwin isc51838.sph.unc.edu 10.4.0 i386
Date and time of compilation         : 2010/04/21 09:54:32
MODELLER executable type             : mac10v4-intel
Job starting time (YY/MM/DD HH:MM:SS): 2010/11/24 10:18:20

io_data____W> Setting io.atom_files_directory to a colon-delimited string is
              deprecated, as it is not robust on Windows systems. Set it to
              a list of directories instead. For example:
              env.io.atom_files_directory = ['./', '../atom_files']

check_ali___> Checking the sequence-structure alignment. 

Implied target CA(i)-CA(i+1) distances longer than  8.0 angstroms:

ALN_POS  TMPL  RID1  RID2  NAM1  NAM2     DIST
----------------------------------------------
END OF TABLE
read_to_681_> topology.submodel read from topology file:        3

getf_______W> RTF restraint not found in the atoms list:
              residue type, indices:     9   392
              atom names           : C     +N
              atom indices         :  3021     0

getf_______W> RTF restraint not found in the atoms list:
              residue type, indices:     9   392
              atom names           : C     CA    +N    O
              atom indices         :  3021  3015     0  3022
patch_s_522_> Number of disulfides patched in MODEL:        6
mdtrsr__446W> A potential that relies on one protein is used, yet you have at
              least one known structure available. MDT, not library, potential is used.
0 atoms in HETATM/BLK residues constrained
to protein atoms within 2.30 angstroms
and protein CA atoms within 10.00 angstroms
0 atoms in residues without defined topology
constrained to be rigid bodies
condens_443_> Restraints marked for deletion were removed.
              Total number of restraints before, now:    39579    36792
iupac_m_397W> Atoms were not swapped because of the uncertainty of how to handle the H atom.
iupac_m_397W> Atoms were not swapped because of the uncertainty of how to handle the H atom.
iupac_m_397W> Atoms were not swapped because of the uncertainty of how to handle the H atom.
iupac_m_397W> Atoms were not swapped because of the uncertainty of how to handle the H atom.
iupac_m_484W> Dihedral still outside +-90:      -90.1370
iupac_m_397W> Atoms were not swapped because of the uncertainty of how to handle the H atom.
iupac_m_397W> Atoms were not swapped because of the uncertainty of how to handle the H atom.


>> ENERGY; Differences between the model's features and restraints:
Number of all residues in MODEL                   :      392
Number of all, selected real atoms                :     3023    3023
Number of all, selected pseudo atoms              :        0       0
Number of all static, selected restraints         :    36792   36792
COVALENT_CYS                                      :        F
NONBONDED_SEL_ATOMS                               :        1
Number of non-bonded pairs (excluding 1-2,1-3,1-4):     5710
Dynamic pairs routine                             : 2, NATM x NATM cell sorting
Atomic shift for contacts update (UPDATE_DYNAMIC) :    0.390
LENNARD_JONES_SWITCH                              :    6.500   7.500
COULOMB_JONES_SWITCH                              :    6.500   7.500
RESIDUE_SPAN_RANGE                                :        0   99999
NLOGN_USE                                         :       15
CONTACT_SHELL                                     :    4.000
DYNAMIC_PAIRS,_SPHERE,_COULOMB,_LENNARD,_MODELLER :        T       T       F       F       F
SPHERE_STDV                                       :    0.050
RADII_FACTOR                                      :    0.820
Current energy                                    :        3428.4861





Summary of the restraint violations: 

   NUM     ... number of restraints.
   NUMVI   ... number of restraints with RVIOL > VIOL_REPORT_CUT[i].
   RVIOL   ... relative difference from the best value.
   NUMVP   ... number of restraints with -Ln(pdf) > VIOL_REPORT_CUT2[i].
   RMS_1   ... RMS(feature, minimally_violated_basis_restraint, NUMB).
   RMS_2   ... RMS(feature, best_value, NUMB).
   MOL.PDF ... scaled contribution to -Ln(Molecular pdf).

 #                     RESTRAINT_GROUP      NUM   NUMVI  NUMVP   RMS_1   RMS_2         MOL.PDF     S_i
------------------------------------------------------------------------------------------------------
 1 Bond length potential              :    3080       0      0   0.006   0.006      31.676       1.000
 2 Bond angle potential               :    4173       0     12   2.140   2.140      371.98       1.000
 3 Stereochemical cosine torsion poten:    1917       0     96  52.228  52.228      850.37       1.000
 4 Stereochemical improper torsion pot:    1239       0      1   1.497   1.497      66.215       1.000
 5 Soft-sphere overlap restraints     :    5710       0      0   0.002   0.002      4.1786       1.000
 6 Lennard-Jones 6-12 potential       :       0       0      0   0.000   0.000      0.0000       1.000
 7 Coulomb point-point electrostatic p:       0       0      0   0.000   0.000      0.0000       1.000
 8 H-bonding potential                :       0       0      0   0.000   0.000      0.0000       1.000
 9 Distance restraints 1 (CA-CA)      :    7509       0      0   0.117   0.117      123.27       1.000
10 Distance restraints 2 (N-O)        :    7788       2     15   0.207   0.207      329.53       1.000
11 Mainchain Phi dihedral restraints  :       0       0      0   0.000   0.000      0.0000       1.000
12 Mainchain Psi dihedral restraints  :       0       0      0   0.000   0.000      0.0000       1.000
13 Mainchain Omega dihedral restraints:     391       1      7   4.670   4.670      100.57       1.000
14 Sidechain Chi_1 dihedral restraints:     332       0     17  68.158  68.158      135.37       1.000
15 Sidechain Chi_2 dihedral restraints:     236       0      9  72.182  72.182      100.57       1.000
16 Sidechain Chi_3 dihedral restraints:     115       0      0  76.428  76.428      94.538       1.000
17 Sidechain Chi_4 dihedral restraints:      41       0      0  87.275  87.275      31.314       1.000
18 Disulfide distance restraints      :       6       0      0   0.004   0.004     0.20979E-01   1.000
19 Disulfide angle restraints         :      12       0      0   2.525   2.525      1.6897       1.000
20 Disulfide dihedral angle restraints:       6       0      0  24.321  24.321      3.4308       1.000
21 Lower bound distance restraints    :       0       0      0   0.000   0.000      0.0000       1.000
22 Upper bound distance restraints    :       0       0      0   0.000   0.000      0.0000       1.000
23 Distance restraints 3 (SDCH-MNCH)  :    6327       0      0   0.525   0.525      332.74       1.000
24 Sidechain Chi_5 dihedral restraints:       0       0      0   0.000   0.000      0.0000       1.000
25 Phi/Psi pair of dihedral restraints:     390      15     57  32.800  40.896      425.23       1.000
26 Distance restraints 4 (SDCH-SDCH)  :    3230       0      7   0.958   0.958      425.79       1.000
27 Distance restraints 5 (X-Y)        :       0       0      0   0.000   0.000      0.0000       1.000
28 NMR distance restraints 6 (X-Y)    :       0       0      0   0.000   0.000      0.0000       1.000
29 NMR distance restraints 7 (X-Y)    :       0       0      0   0.000   0.000      0.0000       1.000
30 Minimal distance restraints        :       0       0      0   0.000   0.000      0.0000       1.000
31 Non-bonded restraints              :       0       0      0   0.000   0.000      0.0000       1.000
32 Atomic accessibility restraints    :       0       0      0   0.000   0.000      0.0000       1.000
33 Atomic density restraints          :       0       0      0   0.000   0.000      0.0000       1.000
34 Absolute position restraints       :       0       0      0   0.000   0.000      0.0000       1.000
35 Dihedral angle difference restraint:       0       0      0   0.000   0.000      0.0000       1.000
36 GBSA implicit solvent potential    :       0       0      0   0.000   0.000      0.0000       1.000
37 EM density fitting potential       :       0       0      0   0.000   0.000      0.0000       1.000
38 SAXS restraints                    :       0       0      0   0.000   0.000      0.0000       1.000
39 Symmetry restraints                :       0       0      0   0.000   0.000      0.0000       1.000



# Heavy relative violation of each residue is written to: DENV3_H288Y_000000.V99990001
# The profile is NOT normalized by the number of restraints.
# The profiles are smoothed over a window of residues:    1
# The sum of all numbers in the file:   41525.8281



List of the violated restraints:
   A restraint is violated when the relative difference
   from the best value (RVIOL) is larger than CUTOFF.

   ICSR   ... index of a restraint in the current set.
   RESNO  ... residue numbers of the first two atoms.
   ATM    ... IUPAC atom names of the first two atoms.
   FEAT   ... the value of the feature in the model.
   restr  ... the mean of the basis restraint with the smallest
              difference from the model (local minimum).
   viol   ... difference from the local minimum.
   rviol  ... relative difference from the local minimum.
   RESTR  ... the best value (global minimum).
   VIOL   ... difference from the best value.
   RVIOL  ... relative difference from the best value.


-------------------------------------------------------------------------------------------------

Feature 13                           : Mainchain Omega dihedral restraints     
List of the RVIOL violations larger than   :       4.5000

    #   ICSR  RESNO1/2 ATM1/2   INDATM1/2    FEAT   restr    viol   rviol   RESTR    VIOL   RVIOL
    1  10828   5G   5G CA  C      34   35 -157.38 -180.00   22.62    4.52 -180.00   22.62    4.52

-------------------------------------------------------------------------------------------------

Feature 25                           : Phi/Psi pair of dihedral restraints     
List of the RVIOL violations larger than   :       6.5000

    #   ICSR  RESNO1/2 ATM1/2   INDATM1/2    FEAT   restr    viol   rviol   RESTR    VIOL   RVIOL
    1  10436   3C   4V C   N      24   26  -59.60  -62.40   37.61    4.93  -73.50  144.76   12.17
    1          4V   4V N   CA     26   27   -4.89  -42.40                  139.20
    2  10437   4V   5G C   N      31   33 -102.47  -62.40   43.28    6.91   82.20  178.47   10.60
    2          5G   5G N   CA     33   34  -24.85  -41.20                    8.50
    3  10446  13E  14G C   N     100  102   20.63   82.20   83.06    6.42  -62.40   83.25   14.61
    3         14G  14G N   CA    102  103  -47.24    8.50                  -41.20
    4  10480  47K  48T C   N     351  353  -98.03  -63.20   61.52    6.51  -63.20   61.52    6.51
    4         48T  48T N   CA    353  354    8.61  -42.10                  -42.10
    5  10566 133E 134N C   N    1011 1013 -162.50  -63.20  102.49   14.21  -63.20  102.49   14.21
    5        134N 134N N   CA   1013 1014  -15.75  -41.10                  -41.10
    6  10599 166A 167S C   N    1261 1263   38.55  -64.10  114.50   11.92  -64.10  114.50   11.92
    6        167S 167S N   CA   1263 1264  -85.73  -35.00                  -35.00
    7  10631 198T 199M C   N    1503 1505 -176.39 -125.60   59.99    3.09   56.30  147.14   26.97
    7        199M 199M N   CA   1505 1506  108.57  140.50                   34.80
    8  10632 199M 200K C   N    1511 1513   61.82  -70.20  150.51   12.37 -118.00 -165.71    8.71
    8        200K 200K N   CA   1513 1514 -147.33  140.40                  139.10
    9  10633 200K 201N C   N    1520 1522  -92.40  -63.20   75.90    8.27  -63.20   75.90    8.27
    9        201N 201N N   CA   1522 1523   28.96  -41.10                  -41.10
   10  10656 223T 224T C   N    1718 1720  128.57 -124.80  128.41    4.67   55.90 -170.01   18.71
   10        224T 224T N   CA   1720 1721 -144.96  143.50                   39.50
   11  10657 224T 225E C   N    1725 1727 -150.59  -63.60   95.27   12.98  -63.60   95.27   12.98
   11        225E 225E N   CA   1727 1728   -1.46  -40.30                  -40.30
   12  10658 225E 226T C   N    1734 1736 -115.03 -124.80   50.81    1.90   55.90  179.30   16.95
   12        226T 226T N   CA   1736 1737   93.64  143.50                   39.50
   13  10705 272G 273G C   N    2091 2093  -89.80  -62.40   27.40    4.89   82.20  179.03   13.45
   13        273G 273G N   CA   2093 2094  -41.20  -41.20                    8.50
   14  10761 328D 329A C   N    2532 2534   87.40 -134.00  147.79    3.42  -62.50 -167.49   30.53
   14        329A 329A N   CA   2534 2535 -161.68  147.00                  -40.90
   15  10778 345H 346N C   N    2656 2658 -124.18  -63.20   68.07    8.63  -63.20   68.07    8.63
   15        346N 346N N   CA   2658 2659  -10.85  -41.10                  -41.10


report______> Distribution of short non-bonded contacts:


DISTANCE1:  0.00 2.10 2.20 2.30 2.40 2.50 2.60 2.70 2.80 2.90 3.00 3.10 3.20 3.30 3.40
DISTANCE2:  2.10 2.20 2.30 2.40 2.50 2.60 2.70 2.80 2.90 3.00 3.10 3.20 3.30 3.40 3.50
FREQUENCY:     0    0    0    0    0   25   44  157  163  224  268  273  335  400  417


<< end of ENERGY.
>> Model assessment by DOPE potential
iatmcls_286W> MODEL atom not classified:  LYS:OXT  LYS


>> ENERGY; Differences between the model's features and restraints:
Number of all residues in MODEL                   :      392
Number of all, selected real atoms                :     3023    3023
Number of all, selected pseudo atoms              :        0       0
Number of all static, selected restraints         :    36792   36792
COVALENT_CYS                                      :        F
NONBONDED_SEL_ATOMS                               :        1
Number of non-bonded pairs (excluding 1-2,1-3,1-4):   534913
Dynamic pairs routine                             : 1, NATM x NATM double loop
Atomic shift for contacts update (UPDATE_DYNAMIC) :    0.390
LENNARD_JONES_SWITCH                              :    6.500   7.500
COULOMB_JONES_SWITCH                              :    6.500   7.500
RESIDUE_SPAN_RANGE                                :        1    9999
NLOGN_USE                                         :       15
CONTACT_SHELL                                     :   15.000
DYNAMIC_PAIRS,_SPHERE,_COULOMB,_LENNARD,_MODELLER :        T       F       F       F       T
SPHERE_STDV                                       :    0.050
RADII_FACTOR                                      :    0.820
Current energy                                    :      -37427.6016




<< end of ENERGY.
DOPE score               : -37427.601562

>> Summary of successfully produced models:
Filename                          molpdf     DOPE score
-------------------------------------------------------
DENV3_H288Y_000000.B99990001.pdb     3428.48608   -37427.60156

Total CPU time [seconds]                                 :      16.99
