This file contains any messages produced by compilers while
running configure, to aid debugging if configure makes a mistake.

It was created by pknotsRG configure 1.3, which was
generated by GNU Autoconf 2.59.  Invocation command line was

  $ ./configure 

## --------- ##
## Platform. ##
## --------- ##

hostname = isc51838.sph.unc.edu
uname -m = i386
uname -r = 10.4.0
uname -s = Darwin
uname -v = Darwin Kernel Version 10.4.0: Fri Apr 23 18:28:53 PDT 2010; root:xnu-1504.7.4~1/RELEASE_I386

/usr/bin/uname -p = i386
/bin/uname -X     = unknown

/bin/arch              = unknown
/usr/bin/arch -k       = unknown
/usr/convex/getsysinfo = unknown
hostinfo               = Mach kernel version:
	 Darwin Kernel Version 10.4.0: Fri Apr 23 18:28:53 PDT 2010; root:xnu-1504.7.4~1/RELEASE_I386
Kernel configured for up to 16 processors.
8 processors are physically available.
16 processors are logically available.
Processor type: i486 (Intel 80486)
Processors active: 0 1 2 3 4 5 6 7 8 9 10 11 12 13 14 15
Primary memory available: 16.00 gigabytes
Default processor set: 81 tasks, 401 threads, 16 processors
Load average: 0.75, Mach factor: 15.24
/bin/machine           = unknown
/usr/bin/oslevel       = unknown
/bin/universe          = unknown

PATH: /Library/Frameworks/Python.framework/Versions/2.6/bin
PATH: /opt/local/bin
PATH: /opt/local/sbin
PATH: /opt/local/bin
PATH: /opt/local/sbin
PATH: /opt/local/bin
PATH: /opt/local/sbin
PATH: /usr/bin
PATH: /bin
PATH: /usr/sbin
PATH: /sbin
PATH: /usr/local/bin
PATH: /usr/local/git/bin
PATH: /usr/local/ncbi/blast/bin
PATH: /usr/X11/bin


## ----------- ##
## Core tests. ##
## ----------- ##

configure:1316: checking for a BSD-compatible install
configure:1371: result: /usr/bin/install -c
configure:1382: checking whether build environment is sane
configure:1425: result: yes
configure:1490: checking for gawk
configure:1519: result: no
configure:1490: checking for mawk
configure:1519: result: no
configure:1490: checking for nawk
configure:1519: result: no
configure:1490: checking for awk
configure:1506: found /usr/bin/awk
configure:1516: result: awk
configure:1526: checking whether make sets $(MAKE)
configure:1546: result: yes
configure:1728: checking for a BSD-compatible install
configure:1783: result: /usr/bin/install -c
configure:1811: checking for style of include used by make
configure:1839: result: GNU
configure:1910: checking for gcc
configure:1926: found /usr/bin/gcc
configure:1936: result: gcc
configure:2180: checking for C compiler version
configure:2183: gcc --version </dev/null >&5
i686-apple-darwin10-gcc-4.2.1 (GCC) 4.2.1 (Apple Inc. build 5659)
Copyright (C) 2007 Free Software Foundation, Inc.
This is free software; see the source for copying conditions.  There is NO
warranty; not even for MERCHANTABILITY or FITNESS FOR A PARTICULAR PURPOSE.

configure:2186: $? = 0
configure:2188: gcc -v </dev/null >&5
Using built-in specs.
Target: i686-apple-darwin10
Configured with: /var/tmp/gcc/gcc-5659~1/src/configure --disable-checking --enable-werror --prefix=/usr --mandir=/share/man --enable-languages=c,objc,c++,obj-c++ --program-transform-name=/^[cg][^.-]*$/s/$/-4.2/ --with-slibdir=/usr/lib --build=i686-apple-darwin10 --program-prefix=i686-apple-darwin10- --host=x86_64-apple-darwin10 --target=i686-apple-darwin10 --with-gxx-include-dir=/include/c++/4.2.1
Thread model: posix
gcc version 4.2.1 (Apple Inc. build 5659)
configure:2191: $? = 0
configure:2193: gcc -V </dev/null >&5
gcc-4.2: argument to `-V' is missing
configure:2196: $? = 1
configure:2219: checking for C compiler default output file name
configure:2222: gcc    conftest.c  >&5
configure:2225: $? = 0
configure:2271: result: a.out
configure:2276: checking whether the C compiler works
configure:2282: ./a.out
configure:2285: $? = 0
configure:2302: result: yes
configure:2309: checking whether we are cross compiling
configure:2311: result: no
configure:2314: checking for suffix of executables
configure:2316: gcc -o conftest    conftest.c  >&5
configure:2319: $? = 0
configure:2344: result: 
configure:2350: checking for suffix of object files
configure:2371: gcc -c   conftest.c >&5
configure:2374: $? = 0
configure:2396: result: o
configure:2400: checking whether we are using the GNU C compiler
configure:2424: gcc -c   conftest.c >&5
configure:2430: $? = 0
configure:2434: test -z 
			 || test ! -s conftest.err
configure:2437: $? = 0
configure:2440: test -s conftest.o
configure:2443: $? = 0
configure:2456: result: yes
configure:2462: checking whether gcc accepts -g
configure:2483: gcc -c -g  conftest.c >&5
configure:2489: $? = 0
configure:2493: test -z 
			 || test ! -s conftest.err
configure:2496: $? = 0
configure:2499: test -s conftest.o
configure:2502: $? = 0
configure:2513: result: yes
configure:2530: checking for gcc option to accept ANSI C
configure:2600: gcc  -c -g -O2  conftest.c >&5
configure:2606: $? = 0
configure:2610: test -z 
			 || test ! -s conftest.err
configure:2613: $? = 0
configure:2616: test -s conftest.o
configure:2619: $? = 0
configure:2637: result: none needed
configure:2655: gcc -c -g -O2  conftest.c >&5
conftest.c:2: error: expected '=', ',', ';', 'asm' or '__attribute__' before 'me'
configure:2661: $? = 1
configure: failed program was:
| #ifndef __cplusplus
|   choke me
| #endif
configure:2796: checking dependency style of gcc
configure:2886: result: none
configure:2904: checking for editline library
configure:2942: gcc -o conftest -g -O2   conftest.c  -ledit >&5
configure:2948: $? = 0
configure:2952: test -z 
			 || test ! -s conftest.err
configure:2955: $? = 0
configure:2958: test -s conftest
configure:2961: $? = 0
configure:2985: result: -ledit
configure:3105: creating ./config.status

## ---------------------- ##
## Running config.status. ##
## ---------------------- ##

This file was extended by pknotsRG config.status 1.3, which was
generated by GNU Autoconf 2.59.  Invocation command line was

  CONFIG_FILES    = 
  CONFIG_HEADERS  = 
  CONFIG_LINKS    = 
  CONFIG_COMMANDS = 
  $ ./config.status 

on isc51838.sph.unc.edu

config.status:689: creating Makefile
config.status:689: creating src/Makefile
config.status:689: creating man/Makefile
config.status:793: creating config.h
config.status:1063: executing depfiles commands
configure:4408:
Configuration completed. Type "make" to compile and "make install" to install.


## ---------------- ##
## Cache variables. ##
## ---------------- ##

ac_cv_c_compiler_gnu=yes
ac_cv_env_CC_set=
ac_cv_env_CC_value=
ac_cv_env_CFLAGS_set=
ac_cv_env_CFLAGS_value=
ac_cv_env_CPPFLAGS_set=
ac_cv_env_CPPFLAGS_value=
ac_cv_env_LDFLAGS_set=
ac_cv_env_LDFLAGS_value=
ac_cv_env_build_alias_set=
ac_cv_env_build_alias_value=
ac_cv_env_host_alias_set=
ac_cv_env_host_alias_value=
ac_cv_env_target_alias_set=
ac_cv_env_target_alias_value=
ac_cv_exeext=
ac_cv_objext=o
ac_cv_path_install='/usr/bin/install -c'
ac_cv_prog_AWK=awk
ac_cv_prog_ac_ct_CC=gcc
ac_cv_prog_cc_g=yes
ac_cv_prog_cc_stdc=
ac_cv_prog_make_make_set=yes
am_cv_CC_dependencies_compiler_type=none
vl_cv_lib_editline=-ledit

## ----------------- ##
## Output variables. ##
## ----------------- ##

ACLOCAL='${SHELL} /Users/virushunter2/Desktop/pknotsRG-1.3/missing --run aclocal-1.9'
AMDEPBACKSLASH='\'
AMDEP_FALSE='#'
AMDEP_TRUE=''
AMTAR='${SHELL} /Users/virushunter2/Desktop/pknotsRG-1.3/missing --run tar'
AUTOCONF='${SHELL} /Users/virushunter2/Desktop/pknotsRG-1.3/missing --run autoconf'
AUTOHEADER='${SHELL} /Users/virushunter2/Desktop/pknotsRG-1.3/missing --run autoheader'
AUTOMAKE='${SHELL} /Users/virushunter2/Desktop/pknotsRG-1.3/missing --run automake-1.9'
AWK='awk'
CC='gcc'
CCDEPMODE='depmode=none'
CFLAGS='-g -O2'
CPPFLAGS=''
CYGPATH_W='echo'
DEFS='-DHAVE_CONFIG_H'
DEPDIR='.deps'
ECHO_C='ECHO_N=''
ECHO_T=''
EXEEXT=''
INSTALL_DATA='${INSTALL} -m 644'
INSTALL_PROGRAM='${INSTALL}'
INSTALL_SCRIPT='${INSTALL}'
INSTALL_STRIP_PROGRAM='${SHELL} $(install_sh) -c -s'
LDFLAGS=''
LIBOBJS=''
LIBS=' -ledit'
LTLIBOBJS=''
MAKEINFO='${SHELL} /Users/virushunter2/Desktop/pknotsRG-1.3/missing --run makeinfo'
OBJEXT='o'
PACKAGE='pknotsRG'
PACKAGE_BUGREPORT='Peter Steffen'
PACKAGE_NAME='pknotsRG'
PACKAGE_STRING='pknotsRG 1.3'
PACKAGE_TARNAME='pknotsRG'
PACKAGE_VERSION='1.3'
PATH_SEPARATOR=':'
SET_MAKE=''
SHELL='/bin/sh'
STRIP=''
VERSION='1.3'
ac_ct_CC='gcc'
ac_ct_STRIP=''
am__fastdepCC_FALSE=''
am__fastdepCC_TRUE='#'
am__include='include'
am__leading_dot='.'
am__quote=''
am__tar='${AMTAR} chof - "$$tardir"'
am__untar='${AMTAR} xf -'
bindir='${exec_prefix}/bin'
build_alias=''
datadir='${prefix}/share'
exec_prefix='${prefix}'
host_alias=''
includedir='${prefix}/include'
infodir='${prefix}/info'
install_sh='/Users/virushunter2/Desktop/pknotsRG-1.3/install-sh'
libdir='${exec_prefix}/lib'
libexecdir='${exec_prefix}/libexec'
localstatedir='${prefix}/var'
mandir='${prefix}/man'
mkdir_p='$(install_sh) -d'
oldincludedir='/usr/include'
prefix='/usr/local'
program_transform_name='s,x,x,'
sbindir='${exec_prefix}/sbin'
sharedstatedir='${prefix}/com'
sysconfdir='${prefix}/etc'
target_alias=''

## ----------- ##
## confdefs.h. ##
## ----------- ##

#define HAVE_LIBEDITLINE 1
#define PACKAGE "pknotsRG"
#define PACKAGE_BUGREPORT "Peter Steffen"
#define PACKAGE_NAME "pknotsRG"
#define PACKAGE_STRING "pknotsRG 1.3"
#define PACKAGE_TARNAME "pknotsRG"
#define PACKAGE_VERSION "1.3"
#define RELEASE_DATE "Sep. 19. 2006"
#define VERSION "1.3"

configure: exit 0
